{
  "RSpec": {
    "coverage": {
      "/home/robin/Documents/rails/P4_rottenpotatoes/app/controllers/application_controller.rb": [
        1,
        1,
        1,
        1,
        1,
        null,
        20,
        0,
        null,
        null
      ],
      "/home/robin/Documents/rails/P4_rottenpotatoes/app/helpers/application_helper.rb": [
        1,
        null
      ],
      "/home/robin/Documents/rails/P4_rottenpotatoes/app/helpers/movies_helper.rb": [
        1,
        null,
        1,
        2,
        null,
        null
      ],
      "/home/robin/Documents/rails/P4_rottenpotatoes/app/controllers/movies_controller.rb": [
        1,
        1,
        null,
        1,
        1,
        1,
        null,
        null,
        1,
        4,
        4,
        null,
        1,
        null,
        1,
        null,
        4,
        4,
        null,
        4,
        18,
        null,
        null,
        4,
        2,
        2,
        2,
        null,
        null,
        2,
        1,
        1,
        1,
        1,
        null,
        1,
        null,
        null,
        1,
        0,
        null,
        null,
        1,
        0,
        0,
        0,
        0,
        null,
        0,
        null,
        null,
        null,
        1,
        0,
        null,
        null,
        1,
        0,
        0,
        0,
        0,
        null,
        0,
        null,
        null,
        1,
        0,
        0,
        0,
        0,
        null,
        null,
        1,
        0,
        0,
        0,
        0,
        0,
        0,
        null,
        null,
        0,
        0,
        null,
        null,
        null,
        1,
        0,
        null,
        null,
        0,
        0,
        0,
        0,
        null,
        0,
        0,
        null,
        0,
        0,
        null,
        null,
        0,
        0,
        null,
        0,
        0,
        0,
        0,
        null,
        0,
        null,
        0,
        0,
        0,
        0,
        0,
        0,
        0,
        null,
        0,
        0,
        null,
        0,
        0,
        null,
        null,
        null,
        null,
        null,
        null
      ],
      "/home/robin/Documents/rails/P4_rottenpotatoes/app/models/movie.rb": [
        1,
        1,
        null,
        1,
        5,
        null,
        null,
        1,
        1,
        null,
        null,
        1,
        1,
        1,
        1,
        0,
        0,
        null,
        null,
        null,
        null,
        null
      ],
      "/home/robin/Documents/rails/P4_rottenpotatoes/app/controllers/sessions_controller.rb": [
        1,
        null,
        1,
        1,
        0,
        0,
        0,
        0,
        null,
        1,
        0,
        0,
        0,
        null,
        1,
        null,
        null
      ],
      "/home/robin/Documents/rails/P4_rottenpotatoes/app/models/moviegoer.rb": [
        1,
        1,
        1,
        1,
        0,
        null,
        null,
        null,
        null,
        null
      ]
    },
    "timestamp": 1352585240
  }
}
