{
  "RSpec": {
    "coverage": {
      "/home/robin/Documents/rails/P4_rottenpotatoes/app/controllers/application_controller.rb": [
        1,
        1,
        null
      ],
      "/home/robin/Documents/rails/P4_rottenpotatoes/app/helpers/application_helper.rb": [
        1,
        null
      ],
      "/home/robin/Documents/rails/P4_rottenpotatoes/app/helpers/movies_helper.rb": [
        1,
        null,
        1,
        2,
        null,
        null
      ],
      "/home/robin/Documents/rails/P4_rottenpotatoes/app/controllers/movies_controller.rb": [
        1,
        null,
        1,
        1,
        1,
        null,
        null,
        1,
        4,
        4,
        null,
        1,
        null,
        1,
        null,
        4,
        4,
        null,
        4,
        18,
        null,
        null,
        4,
        2,
        2,
        2,
        null,
        null,
        2,
        1,
        1,
        1,
        1,
        null,
        1,
        null,
        null,
        1,
        1,
        null,
        null,
        1,
        2,
        1,
        1,
        1,
        null,
        1,
        null,
        null,
        null,
        1,
        1,
        null,
        null,
        1,
        1,
        1,
        1,
        1,
        null,
        1,
        null,
        null,
        1,
        1,
        1,
        1,
        1,
        null,
        null,
        1,
        2,
        2,
        2,
        1,
        1,
        1,
        null,
        null,
        1,
        1,
        null,
        null,
        null,
        1,
        12,
        null,
        null,
        12,
        6,
        2,
        2,
        null,
        2,
        2,
        null,
        2,
        2,
        null,
        null,
        6,
        1,
        null,
        6,
        6,
        4,
        4,
        null,
        4,
        null,
        null,
        null,
        null,
        null,
        null,
        4,
        4,
        4,
        4,
        4,
        4,
        4,
        null,
        6,
        4,
        null,
        2,
        2,
        null,
        null,
        null,
        null,
        null,
        null
      ],
      "/home/robin/Documents/rails/P4_rottenpotatoes/app/models/movie.rb": [
        1,
        1,
        null,
        1,
        5,
        null,
        null,
        1,
        5,
        null,
        null,
        1,
        7,
        7,
        7,
        6,
        6,
        null,
        null,
        null,
        null,
        null
      ]
    },
    "timestamp": 1352572350
  }
}
